This is pdfTeX, Version 3.141592653-2.6-1.40.24 (MiKTeX 22.3) (preloaded format=pdflatex 2022.5.5)  15 OCT 2022 10:23
entering extended mode
 restricted \write18 enabled.
 %&-line parsing enabled.
**./rapport.tex
(rapport.tex
LaTeX2e <2021-11-15> patch level 1
L3 programming layer <2022-04-29>
(C:\Users\chaou\AppData\Local\Programs\MiKTeX\tex/latex/extsizes\extreport.cls
Document Class: extreport 1996/10/08 v1.0 Non Standard LaTeX document class
(C:\Users\chaou\AppData\Local\Programs\MiKTeX\tex/latex/base\size12.clo
File: size12.clo 2021/10/04 v1.4n Standard LaTeX file (size option)
)
(C:\Users\chaou\AppData\Local\Programs\MiKTeX\tex/latex/base\exscale.sty
Package: exscale 2018/09/24 v2.1i Standard LaTeX package exscale
LaTeX Font Info:    Redeclaring symbol font `largesymbols' on input line 57.
LaTeX Font Info:    Overwriting symbol font `largesymbols' in version `normal'
(Font)                  OMX/cmex/m/n --> OMX/cmex/m/n on input line 57.
LaTeX Font Info:    Overwriting symbol font `largesymbols' in version `bold'
(Font)                  OMX/cmex/m/n --> OMX/cmex/m/n on input line 57.
\big@size=\dimen138
)
\c@part=\count185
\c@chapter=\count186
\c@section=\count187
\c@subsection=\count188
\c@subsubsection=\count189
\c@paragraph=\count190
\c@subparagraph=\count191
\c@figure=\count192
\c@table=\count193
\abovecaptionskip=\skip47
\belowcaptionskip=\skip48
\bibindent=\dimen139
)
(C:\Users\chaou\AppData\Local\Programs\MiKTeX\tex/latex/graphics\graphicx.sty
Package: graphicx 2021/09/16 v1.2d Enhanced LaTeX Graphics (DPC,SPQR)

(C:\Users\chaou\AppData\Local\Programs\MiKTeX\tex/latex/graphics\keyval.sty
Package: keyval 2014/10/28 v1.15 key=value parser (DPC)
\KV@toks@=\toks16
)
(C:\Users\chaou\AppData\Local\Programs\MiKTeX\tex/latex/graphics\graphics.sty
Package: graphics 2021/03/04 v1.4d Standard LaTeX Graphics (DPC,SPQR)

(C:\Users\chaou\AppData\Local\Programs\MiKTeX\tex/latex/graphics\trig.sty
Package: trig 2021/08/11 v1.11 sin cos tan (DPC)
)
(C:\Users\chaou\AppData\Local\Programs\MiKTeX\tex/latex/graphics-cfg\graphics.c
fg
File: graphics.cfg 2016/06/04 v1.11 sample graphics configuration
)
Package graphics Info: Driver file: pdftex.def on input line 107.

(C:\Users\chaou\AppData\Local\Programs\MiKTeX\tex/latex/graphics-def\pdftex.def
File: pdftex.def 2020/10/05 v1.2a Graphics/color driver for pdftex
))
\Gin@req@height=\dimen140
\Gin@req@width=\dimen141
) (C:\Users\chaou\AppData\Local\Programs\MiKTeX\tex/latex/xcolor\xcolor.sty
Package: xcolor 2021/10/31 v2.13 LaTeX color extensions (UK)

(C:\Users\chaou\AppData\Local\Programs\MiKTeX\tex/latex/graphics-cfg\color.cfg
File: color.cfg 2016/01/02 v1.6 sample color configuration
)
Package xcolor Info: Driver file: pdftex.def on input line 227.
(C:\Users\chaou\AppData\Local\Programs\MiKTeX\tex/latex/colortbl\colortbl.sty
Package: colortbl 2020/01/04 v1.0e Color table columns (DPC)

(C:\Users\chaou\AppData\Local\Programs\MiKTeX\tex/latex/tools\array.sty
Package: array 2021/10/04 v2.5f Tabular extension package (FMi)
\col@sep=\dimen142
\ar@mcellbox=\box50
\extrarowheight=\dimen143
\NC@list=\toks17
\extratabsurround=\skip49
\backup@length=\skip50
\ar@cellbox=\box51
)
\everycr=\toks18
\minrowclearance=\skip51
)
\rownum=\count194
Package xcolor Info: Model `cmy' substituted by `cmy0' on input line 1352.
Package xcolor Info: Model `hsb' substituted by `rgb' on input line 1356.
Package xcolor Info: Model `RGB' extended on input line 1368.
Package xcolor Info: Model `HTML' substituted by `rgb' on input line 1370.
Package xcolor Info: Model `Hsb' substituted by `hsb' on input line 1371.
Package xcolor Info: Model `tHsb' substituted by `hsb' on input line 1372.
Package xcolor Info: Model `HSB' substituted by `hsb' on input line 1373.
Package xcolor Info: Model `Gray' substituted by `gray' on input line 1374.
Package xcolor Info: Model `wave' substituted by `hsb' on input line 1375.
)
(C:\Users\chaou\AppData\Local\Programs\MiKTeX\tex/latex/lcg\lcg.sty
Package: lcg 2013/08/09 v1.3 generating random numbers
\f@rst=\count195
\l@st=\count196
\cr@nd=\count197
\c@rand=\count198

Smallest possible random number: 0
Largest possible random number: 9
The pseudo random numbers will be stored in the LaTeX counter `rand'
) (C:\Users\chaou\AppData\Local\Programs\MiKTeX\tex/latex/multirow\multirow.sty
Package: multirow 2021/03/15 v2.8 Span multiple rows of a table
\multirow@colwidth=\skip52
\multirow@cntb=\count199
\multirow@dima=\skip53
\bigstrutjot=\dimen144
) (C:\Users\chaou\AppData\Local\Programs\MiKTeX\tex/latex/numprint\numprint.sty
Package: numprint 2012/08/20 v1.39 Print numbers (HH)
\c@nprt@mantissa@digitsbefore=\count266
\c@nprt@mantissa@digitsafter=\count267
\c@nprt@exponent@digitsbefore=\count268
\c@nprt@exponent@digitsafter=\count269
\nprt@digitwidth=\skip54
\nprt@sepwidth=\skip55
\nprt@decimalwidth=\skip56
\nprt@blockwidth=\skip57
\nprt@digittoks=\toks19
\nprt@pretoks=\toks20
\nprt@posttoks=\toks21
\nprt@thisdigit=\count270
\nprt@curpos=\count271
\nprt@rndpos=\count272
\c@nprt@digitsfirstblock=\count273
\c@nprt@blockcnt=\count274
\c@nprt@cntprint=\count275
No configuration file `numprint.cfg' found.)
(C:\Users\chaou\AppData\Local\Programs\MiKTeX\tex/latex/setspace\setspace.sty
Package: setspace 2011/12/19 v6.7a set line spacing
)
(C:\Users\chaou\AppData\Local\Programs\MiKTeX\tex/latex/base\makeidx.sty
Package: makeidx 2021/10/04 v1.0m Standard LaTeX package
)
(C:\Users\chaou\AppData\Local\Programs\MiKTeX\tex/latex/fancyhdr\fancyhdr.sty
Package: fancyhdr 2021/01/28 v4.0.1 Extensive control of page headers and foote
rs
\f@nch@headwidth=\skip58
\f@nch@O@elh=\skip59
\f@nch@O@erh=\skip60
\f@nch@O@olh=\skip61
\f@nch@O@orh=\skip62
\f@nch@O@elf=\skip63
\f@nch@O@erf=\skip64
\f@nch@O@olf=\skip65
\f@nch@O@orf=\skip66
)
(C:\Users\chaou\AppData\Local\Programs\MiKTeX\tex/latex/wrapfig\wrapfig.sty
\wrapoverhang=\dimen145
\WF@size=\dimen146
\c@WF@wrappedlines=\count276
\WF@box=\box52
\WF@everypar=\toks22
Package: wrapfig 2003/01/31  v 3.6
)
(C:\Users\chaou\AppData\Local\Programs\MiKTeX\tex/generic/tikzducks\tikzducks.s
ty
Package: tikzducks 2020/06/30 version v1.5 Draw rubber ducks in TikZ
 (C:\Users\chaou\AppData\Local\Programs\MiKTeX\tex/latex/l3kernel\expl3.sty
Package: expl3 2022-04-29 L3 programming layer (loader) 

(C:\Users\chaou\AppData\Local\Programs\MiKTeX\tex/latex/l3backend\l3backend-pdf
tex.def
File: l3backend-pdftex.def 2022-04-20 L3 backend support: PDF output (pdfTeX)
\l__color_backend_stack_int=\count277
\l__pdf_internal_box=\box53
))
(C:\Users\chaou\AppData\Local\Programs\MiKTeX\tex/latex/pgf/frontendlayer\tikz.
sty
(C:\Users\chaou\AppData\Local\Programs\MiKTeX\tex/latex/pgf/basiclayer\pgf.sty
(C:\Users\chaou\AppData\Local\Programs\MiKTeX\tex/latex/pgf/utilities\pgfrcs.st
y
(C:\Users\chaou\AppData\Local\Programs\MiKTeX\tex/generic/pgf/utilities\pgfutil
-common.tex
\pgfutil@everybye=\toks23
\pgfutil@tempdima=\dimen147
\pgfutil@tempdimb=\dimen148

(C:\Users\chaou\AppData\Local\Programs\MiKTeX\tex/generic/pgf/utilities\pgfutil
-common-lists.tex))
(C:\Users\chaou\AppData\Local\Programs\MiKTeX\tex/generic/pgf/utilities\pgfutil
-latex.def
\pgfutil@abb=\box54
)
(C:\Users\chaou\AppData\Local\Programs\MiKTeX\tex/generic/pgf/utilities\pgfrcs.
code.tex
(C:\Users\chaou\AppData\Local\Programs\MiKTeX\tex/generic/pgf\pgf.revision.tex)
Package: pgfrcs 2021/05/15 v3.1.9a (3.1.9a)
))
Package: pgf 2021/05/15 v3.1.9a (3.1.9a)

(C:\Users\chaou\AppData\Local\Programs\MiKTeX\tex/latex/pgf/basiclayer\pgfcore.
sty
(C:\Users\chaou\AppData\Local\Programs\MiKTeX\tex/latex/pgf/systemlayer\pgfsys.
sty
(C:\Users\chaou\AppData\Local\Programs\MiKTeX\tex/generic/pgf/systemlayer\pgfsy
s.code.tex
Package: pgfsys 2021/05/15 v3.1.9a (3.1.9a)

(C:\Users\chaou\AppData\Local\Programs\MiKTeX\tex/generic/pgf/utilities\pgfkeys
.code.tex
\pgfkeys@pathtoks=\toks24
\pgfkeys@temptoks=\toks25

(C:\Users\chaou\AppData\Local\Programs\MiKTeX\tex/generic/pgf/utilities\pgfkeys
filtered.code.tex
\pgfkeys@tmptoks=\toks26
))
\pgf@x=\dimen149
\pgf@y=\dimen150
\pgf@xa=\dimen151
\pgf@ya=\dimen152
\pgf@xb=\dimen153
\pgf@yb=\dimen154
\pgf@xc=\dimen155
\pgf@yc=\dimen156
\pgf@xd=\dimen157
\pgf@yd=\dimen158
\w@pgf@writea=\write3
\r@pgf@reada=\read2
\c@pgf@counta=\count278
\c@pgf@countb=\count279
\c@pgf@countc=\count280
\c@pgf@countd=\count281
\t@pgf@toka=\toks27
\t@pgf@tokb=\toks28
\t@pgf@tokc=\toks29
\pgf@sys@id@count=\count282

(C:\Users\chaou\AppData\Local\Programs\MiKTeX\tex/generic/pgf/systemlayer\pgf.c
fg
File: pgf.cfg 2021/05/15 v3.1.9a (3.1.9a)
)
Driver file for pgf: pgfsys-pdftex.def

(C:\Users\chaou\AppData\Local\Programs\MiKTeX\tex/generic/pgf/systemlayer\pgfsy
s-pdftex.def
File: pgfsys-pdftex.def 2021/05/15 v3.1.9a (3.1.9a)

(C:\Users\chaou\AppData\Local\Programs\MiKTeX\tex/generic/pgf/systemlayer\pgfsy
s-common-pdf.def
File: pgfsys-common-pdf.def 2021/05/15 v3.1.9a (3.1.9a)
)))
(C:\Users\chaou\AppData\Local\Programs\MiKTeX\tex/generic/pgf/systemlayer\pgfsy
ssoftpath.code.tex
File: pgfsyssoftpath.code.tex 2021/05/15 v3.1.9a (3.1.9a)
\pgfsyssoftpath@smallbuffer@items=\count283
\pgfsyssoftpath@bigbuffer@items=\count284
)
(C:\Users\chaou\AppData\Local\Programs\MiKTeX\tex/generic/pgf/systemlayer\pgfsy
sprotocol.code.tex
File: pgfsysprotocol.code.tex 2021/05/15 v3.1.9a (3.1.9a)
))
(C:\Users\chaou\AppData\Local\Programs\MiKTeX\tex/generic/pgf/basiclayer\pgfcor
e.code.tex
Package: pgfcore 2021/05/15 v3.1.9a (3.1.9a)

(C:\Users\chaou\AppData\Local\Programs\MiKTeX\tex/generic/pgf/math\pgfmath.code
.tex
(C:\Users\chaou\AppData\Local\Programs\MiKTeX\tex/generic/pgf/math\pgfmathcalc.
code.tex
(C:\Users\chaou\AppData\Local\Programs\MiKTeX\tex/generic/pgf/math\pgfmathutil.
code.tex)
(C:\Users\chaou\AppData\Local\Programs\MiKTeX\tex/generic/pgf/math\pgfmathparse
r.code.tex
\pgfmath@dimen=\dimen159
\pgfmath@count=\count285
\pgfmath@box=\box55
\pgfmath@toks=\toks30
\pgfmath@stack@operand=\toks31
\pgfmath@stack@operation=\toks32
)
(C:\Users\chaou\AppData\Local\Programs\MiKTeX\tex/generic/pgf/math\pgfmathfunct
ions.code.tex
(C:\Users\chaou\AppData\Local\Programs\MiKTeX\tex/generic/pgf/math\pgfmathfunct
ions.basic.code.tex)
(C:\Users\chaou\AppData\Local\Programs\MiKTeX\tex/generic/pgf/math\pgfmathfunct
ions.trigonometric.code.tex)
(C:\Users\chaou\AppData\Local\Programs\MiKTeX\tex/generic/pgf/math\pgfmathfunct
ions.random.code.tex)
(C:\Users\chaou\AppData\Local\Programs\MiKTeX\tex/generic/pgf/math\pgfmathfunct
ions.comparison.code.tex)
(C:\Users\chaou\AppData\Local\Programs\MiKTeX\tex/generic/pgf/math\pgfmathfunct
ions.base.code.tex)
(C:\Users\chaou\AppData\Local\Programs\MiKTeX\tex/generic/pgf/math\pgfmathfunct
ions.round.code.tex)
(C:\Users\chaou\AppData\Local\Programs\MiKTeX\tex/generic/pgf/math\pgfmathfunct
ions.misc.code.tex)
(C:\Users\chaou\AppData\Local\Programs\MiKTeX\tex/generic/pgf/math\pgfmathfunct
ions.integerarithmetics.code.tex)))
(C:\Users\chaou\AppData\Local\Programs\MiKTeX\tex/generic/pgf/math\pgfmathfloat
.code.tex
\c@pgfmathroundto@lastzeros=\count286
))
(C:\Users\chaou\AppData\Local\Programs\MiKTeX\tex/generic/pgf/math\pgfint.code.
tex)
(C:\Users\chaou\AppData\Local\Programs\MiKTeX\tex/generic/pgf/basiclayer\pgfcor
epoints.code.tex
File: pgfcorepoints.code.tex 2021/05/15 v3.1.9a (3.1.9a)
\pgf@picminx=\dimen160
\pgf@picmaxx=\dimen161
\pgf@picminy=\dimen162
\pgf@picmaxy=\dimen163
\pgf@pathminx=\dimen164
\pgf@pathmaxx=\dimen165
\pgf@pathminy=\dimen166
\pgf@pathmaxy=\dimen167
\pgf@xx=\dimen168
\pgf@xy=\dimen169
\pgf@yx=\dimen170
\pgf@yy=\dimen171
\pgf@zx=\dimen172
\pgf@zy=\dimen173
)
(C:\Users\chaou\AppData\Local\Programs\MiKTeX\tex/generic/pgf/basiclayer\pgfcor
epathconstruct.code.tex
File: pgfcorepathconstruct.code.tex 2021/05/15 v3.1.9a (3.1.9a)
\pgf@path@lastx=\dimen174
\pgf@path@lasty=\dimen175
)
(C:\Users\chaou\AppData\Local\Programs\MiKTeX\tex/generic/pgf/basiclayer\pgfcor
epathusage.code.tex
File: pgfcorepathusage.code.tex 2021/05/15 v3.1.9a (3.1.9a)
\pgf@shorten@end@additional=\dimen176
\pgf@shorten@start@additional=\dimen177
)
(C:\Users\chaou\AppData\Local\Programs\MiKTeX\tex/generic/pgf/basiclayer\pgfcor
escopes.code.tex
File: pgfcorescopes.code.tex 2021/05/15 v3.1.9a (3.1.9a)
\pgfpic=\box56
\pgf@hbox=\box57
\pgf@layerbox@main=\box58
\pgf@picture@serial@count=\count287
)
(C:\Users\chaou\AppData\Local\Programs\MiKTeX\tex/generic/pgf/basiclayer\pgfcor
egraphicstate.code.tex
File: pgfcoregraphicstate.code.tex 2021/05/15 v3.1.9a (3.1.9a)
\pgflinewidth=\dimen178
)
(C:\Users\chaou\AppData\Local\Programs\MiKTeX\tex/generic/pgf/basiclayer\pgfcor
etransformations.code.tex
File: pgfcoretransformations.code.tex 2021/05/15 v3.1.9a (3.1.9a)
\pgf@pt@x=\dimen179
\pgf@pt@y=\dimen180
\pgf@pt@temp=\dimen181
)
(C:\Users\chaou\AppData\Local\Programs\MiKTeX\tex/generic/pgf/basiclayer\pgfcor
equick.code.tex
File: pgfcorequick.code.tex 2021/05/15 v3.1.9a (3.1.9a)
)
(C:\Users\chaou\AppData\Local\Programs\MiKTeX\tex/generic/pgf/basiclayer\pgfcor
eobjects.code.tex
File: pgfcoreobjects.code.tex 2021/05/15 v3.1.9a (3.1.9a)
)
(C:\Users\chaou\AppData\Local\Programs\MiKTeX\tex/generic/pgf/basiclayer\pgfcor
epathprocessing.code.tex
File: pgfcorepathprocessing.code.tex 2021/05/15 v3.1.9a (3.1.9a)
)
(C:\Users\chaou\AppData\Local\Programs\MiKTeX\tex/generic/pgf/basiclayer\pgfcor
earrows.code.tex
File: pgfcorearrows.code.tex 2021/05/15 v3.1.9a (3.1.9a)
\pgfarrowsep=\dimen182
)
(C:\Users\chaou\AppData\Local\Programs\MiKTeX\tex/generic/pgf/basiclayer\pgfcor
eshade.code.tex
File: pgfcoreshade.code.tex 2021/05/15 v3.1.9a (3.1.9a)
\pgf@max=\dimen183
\pgf@sys@shading@range@num=\count288
\pgf@shadingcount=\count289
)
(C:\Users\chaou\AppData\Local\Programs\MiKTeX\tex/generic/pgf/basiclayer\pgfcor
eimage.code.tex
File: pgfcoreimage.code.tex 2021/05/15 v3.1.9a (3.1.9a)

(C:\Users\chaou\AppData\Local\Programs\MiKTeX\tex/generic/pgf/basiclayer\pgfcor
eexternal.code.tex
File: pgfcoreexternal.code.tex 2021/05/15 v3.1.9a (3.1.9a)
\pgfexternal@startupbox=\box59
))
(C:\Users\chaou\AppData\Local\Programs\MiKTeX\tex/generic/pgf/basiclayer\pgfcor
elayers.code.tex
File: pgfcorelayers.code.tex 2021/05/15 v3.1.9a (3.1.9a)
)
(C:\Users\chaou\AppData\Local\Programs\MiKTeX\tex/generic/pgf/basiclayer\pgfcor
etransparency.code.tex
File: pgfcoretransparency.code.tex 2021/05/15 v3.1.9a (3.1.9a)
)
(C:\Users\chaou\AppData\Local\Programs\MiKTeX\tex/generic/pgf/basiclayer\pgfcor
epatterns.code.tex
File: pgfcorepatterns.code.tex 2021/05/15 v3.1.9a (3.1.9a)
)
(C:\Users\chaou\AppData\Local\Programs\MiKTeX\tex/generic/pgf/basiclayer\pgfcor
erdf.code.tex
File: pgfcorerdf.code.tex 2021/05/15 v3.1.9a (3.1.9a)
)))
(C:\Users\chaou\AppData\Local\Programs\MiKTeX\tex/generic/pgf/modules\pgfmodule
shapes.code.tex
File: pgfmoduleshapes.code.tex 2021/05/15 v3.1.9a (3.1.9a)
\pgfnodeparttextbox=\box60
)
(C:\Users\chaou\AppData\Local\Programs\MiKTeX\tex/generic/pgf/modules\pgfmodule
plot.code.tex
File: pgfmoduleplot.code.tex 2021/05/15 v3.1.9a (3.1.9a)
)
(C:\Users\chaou\AppData\Local\Programs\MiKTeX\tex/latex/pgf/compatibility\pgfco
mp-version-0-65.sty
Package: pgfcomp-version-0-65 2021/05/15 v3.1.9a (3.1.9a)
\pgf@nodesepstart=\dimen184
\pgf@nodesepend=\dimen185
)
(C:\Users\chaou\AppData\Local\Programs\MiKTeX\tex/latex/pgf/compatibility\pgfco
mp-version-1-18.sty
Package: pgfcomp-version-1-18 2021/05/15 v3.1.9a (3.1.9a)
))
(C:\Users\chaou\AppData\Local\Programs\MiKTeX\tex/latex/pgf/utilities\pgffor.st
y
(C:\Users\chaou\AppData\Local\Programs\MiKTeX\tex/latex/pgf/utilities\pgfkeys.s
ty
(C:\Users\chaou\AppData\Local\Programs\MiKTeX\tex/generic/pgf/utilities\pgfkeys
.code.tex))
(C:\Users\chaou\AppData\Local\Programs\MiKTeX\tex/latex/pgf/math\pgfmath.sty
(C:\Users\chaou\AppData\Local\Programs\MiKTeX\tex/generic/pgf/math\pgfmath.code
.tex))
(C:\Users\chaou\AppData\Local\Programs\MiKTeX\tex/generic/pgf/utilities\pgffor.
code.tex
Package: pgffor 2021/05/15 v3.1.9a (3.1.9a)

(C:\Users\chaou\AppData\Local\Programs\MiKTeX\tex/generic/pgf/math\pgfmath.code
.tex)
\pgffor@iter=\dimen186
\pgffor@skip=\dimen187
\pgffor@stack=\toks33
\pgffor@toks=\toks34
))
(C:\Users\chaou\AppData\Local\Programs\MiKTeX\tex/generic/pgf/frontendlayer/tik
z\tikz.code.tex
Package: tikz 2021/05/15 v3.1.9a (3.1.9a)

(C:\Users\chaou\AppData\Local\Programs\MiKTeX\tex/generic/pgf/libraries\pgflibr
aryplothandlers.code.tex
File: pgflibraryplothandlers.code.tex 2021/05/15 v3.1.9a (3.1.9a)
\pgf@plot@mark@count=\count290
\pgfplotmarksize=\dimen188
)
\tikz@lastx=\dimen189
\tikz@lasty=\dimen190
\tikz@lastxsaved=\dimen191
\tikz@lastysaved=\dimen192
\tikz@lastmovetox=\dimen193
\tikz@lastmovetoy=\dimen194
\tikzleveldistance=\dimen195
\tikzsiblingdistance=\dimen196
\tikz@figbox=\box61
\tikz@figbox@bg=\box62
\tikz@tempbox=\box63
\tikz@tempbox@bg=\box64
\tikztreelevel=\count291
\tikznumberofchildren=\count292
\tikznumberofcurrentchild=\count293
\tikz@fig@count=\count294

(C:\Users\chaou\AppData\Local\Programs\MiKTeX\tex/generic/pgf/modules\pgfmodule
matrix.code.tex
File: pgfmodulematrix.code.tex 2021/05/15 v3.1.9a (3.1.9a)
\pgfmatrixcurrentrow=\count295
\pgfmatrixcurrentcolumn=\count296
\pgf@matrix@numberofcolumns=\count297
)
\tikz@expandcount=\count298

(C:\Users\chaou\AppData\Local\Programs\MiKTeX\tex/generic/pgf/frontendlayer/tik
z/libraries\tikzlibrarytopaths.code.tex
File: tikzlibrarytopaths.code.tex 2021/05/15 v3.1.9a (3.1.9a)
)))
(C:\Users\chaou\AppData\Local\Programs\MiKTeX\tex/generic/pgf/frontendlayer/tik
z/libraries\tikzlibrarypatterns.code.tex
File: tikzlibrarypatterns.code.tex 2021/05/15 v3.1.9a (3.1.9a)

(C:\Users\chaou\AppData\Local\Programs\MiKTeX\tex/generic/pgf/libraries\pgflibr
arypatterns.code.tex
File: pgflibrarypatterns.code.tex 2021/05/15 v3.1.9a (3.1.9a)
))
(C:\Users\chaou\AppData\Local\Programs\MiKTeX\tex/generic/pgf/frontendlayer/tik
z/libraries\tikzlibrarycalc.code.tex
File: tikzlibrarycalc.code.tex 2021/05/15 v3.1.9a (3.1.9a)
)
(C:\Users\chaou\AppData\Local\Programs\MiKTeX\tex/generic/tikzducks\tikzducks-g
eneric.tex))
(C:\Users\chaou\AppData\Local\Programs\MiKTeX\tex/latex/floatflt\floatflt.sty
Package: floatflt 1997/07/16 v. 1.31
\c@OptionTest=\count299
\figbox=\box65
\tabbox=\box66
\pagebox=\box67
\ffigcount=\count300
\ftabcount=\count301
\fftest=\count302
\hangcount=\count303
\nosuccesstryfig=\count304
\nosuccesstrytab=\count305
\figgutter=\dimen197
\tabgutter=\dimen198
\htdone=\dimen199
\pageht=\dimen256
\startpageht=\dimen257
\tabbredd=\dimen258
\floatfltwidth=\dimen259
\fltitemwidth=\dimen260
\outputpretest=\toks35
)
\@indexfile=\write4
\openout4 = `rapport.idx'.


Writing index file rapport.idx

(C:\Users\chaou\AppData\Local\Programs\MiKTeX\tex/latex/algorithm2e\algorithm2e
.sty
Package: algorithm2e 2017/07/18 v5.2 algorithms environments
\c@AlgoLine=\count306
 (C:\Users\chaou\AppData\Local\Programs\MiKTeX\tex/latex/base\ifthen.sty
Package: ifthen 2020/11/24 v1.1c Standard LaTeX ifthen package (DPC)
)
\algocf@hangindent=\skip67

(C:\Users\chaou\AppData\Local\Programs\MiKTeX\tex/latex/ifoddpage\ifoddpage.sty
Package: ifoddpage 2016/04/23 v1.1 Conditionals for odd/even page detection
\c@checkoddpage=\count307
) (C:\Users\chaou\AppData\Local\Programs\MiKTeX\tex/latex/tools\xspace.sty
Package: xspace 2014/10/28 v1.13 Space after command names (DPC,MH)
)
(C:\Users\chaou\AppData\Local\Programs\MiKTeX\tex/latex/relsize\relsize.sty
Package: relsize 2013/03/29 ver 4.1
)
\skiptotal=\skip68
\skiplinenumber=\skip69
\skiprule=\skip70
\skiphlne=\skip71
\skiptext=\skip72
\skiplength=\skip73
\algomargin=\skip74
\skipalgocfslide=\skip75
\algowidth=\dimen261
\inoutsize=\dimen262
\inoutindent=\dimen263
\interspacetitleruled=\dimen264
\interspacealgoruled=\dimen265
\interspacetitleboxruled=\dimen266
\algocf@ruledwidth=\skip76
\algocf@inoutbox=\box68
\algocf@inputbox=\box69
\AlCapSkip=\skip77
\AlCapHSkip=\skip78
\algoskipindent=\skip79
\algocf@nlbox=\box70
\algocf@hangingbox=\box71
\algocf@untilbox=\box72
\algocf@skipuntil=\skip80
\algocf@capbox=\box73
\algocf@lcaptionbox=\skip81
\algoheightruledefault=\skip82
\algoheightrule=\skip83
\algotitleheightruledefault=\skip84
\algotitleheightrule=\skip85
\c@algocfline=\count308
\c@algocfproc=\count309
\c@algocf=\count310
\algocf@algoframe=\box74
\algocf@algobox=\box75
)
(C:\Users\chaou\AppData\Local\Programs\MiKTeX\tex/latex/amscls\amsthm.sty
Package: amsthm 2020/05/29 v2.20.6
\thm@style=\toks36
\thm@bodyfont=\toks37
\thm@headfont=\toks38
\thm@notefont=\toks39
\thm@headpunct=\toks40
\thm@preskip=\skip86
\thm@postskip=\skip87
\thm@headsep=\skip88
\dth@everypar=\toks41
)
\c@theorem=\count311
\c@definition=\count312
\c@exemple=\count313

(C:\Users\chaou\AppData\Local\Programs\MiKTeX\tex/latex/etoolbox\etoolbox.sty
Package: etoolbox 2020/10/05 v2.5k e-TeX tools for LaTeX (JAW)
\etb@tempcnta=\count314
)
(C:\Users\chaou\AppData\Local\Programs\MiKTeX\tex/latex/tocbibind\tocbibind.sty
Package: tocbibind 2010/10/13 v1.5k extra ToC listings
Package tocbibind Info: The document has chapter divisions on input line 50.

Package tocbibind Note: Using chapter style headings, unless overridden.

) (C:\Users\chaou\AppData\Local\Programs\MiKTeX\tex/latex/hyperref\hyperref.sty
Package: hyperref 2022-02-21 v7.00n Hypertext links for LaTeX
(C:\Users\chaou\AppData\Local\Programs\MiKTeX\tex/generic/ltxcmds\ltxcmds.sty
Package: ltxcmds 2020-05-10 v1.25 LaTeX kernel commands for general use (HO)
)
(C:\Users\chaou\AppData\Local\Programs\MiKTeX\tex/generic/iftex\iftex.sty
Package: iftex 2022/02/03 v1.0f TeX engine tests
)
(C:\Users\chaou\AppData\Local\Programs\MiKTeX\tex/generic/pdftexcmds\pdftexcmds
.sty
Package: pdftexcmds 2020-06-27 v0.33 Utility functions of pdfTeX for LuaTeX (HO
)

(C:\Users\chaou\AppData\Local\Programs\MiKTeX\tex/generic/infwarerr\infwarerr.s
ty
Package: infwarerr 2019/12/03 v1.5 Providing info/warning/error messages (HO)
)
Package pdftexcmds Info: \pdf@primitive is available.
Package pdftexcmds Info: \pdf@ifprimitive is available.
Package pdftexcmds Info: \pdfdraftmode found.
)
(C:\Users\chaou\AppData\Local\Programs\MiKTeX\tex/generic/kvsetkeys\kvsetkeys.s
ty
Package: kvsetkeys 2019/12/15 v1.18 Key value parser (HO)
)
(C:\Users\chaou\AppData\Local\Programs\MiKTeX\tex/generic/kvdefinekeys\kvdefine
keys.sty
Package: kvdefinekeys 2019-12-19 v1.6 Define keys (HO)
)
(C:\Users\chaou\AppData\Local\Programs\MiKTeX\tex/generic/pdfescape\pdfescape.s
ty
Package: pdfescape 2019/12/09 v1.15 Implements pdfTeX's escape features (HO)
) (C:\Users\chaou\AppData\Local\Programs\MiKTeX\tex/latex/hycolor\hycolor.sty
Package: hycolor 2020-01-27 v1.10 Color options for hyperref/bookmark (HO)
)
(C:\Users\chaou\AppData\Local\Programs\MiKTeX\tex/latex/letltxmacro\letltxmacro
.sty
Package: letltxmacro 2019/12/03 v1.6 Let assignment for LaTeX macros (HO)
)
(C:\Users\chaou\AppData\Local\Programs\MiKTeX\tex/latex/auxhook\auxhook.sty
Package: auxhook 2019-12-17 v1.6 Hooks for auxiliary files (HO)
)
(C:\Users\chaou\AppData\Local\Programs\MiKTeX\tex/latex/kvoptions\kvoptions.sty
Package: kvoptions 2020-10-07 v3.14 Key value format for package options (HO)
)
\@linkdim=\dimen267
\Hy@linkcounter=\count315
\Hy@pagecounter=\count316
 (C:\Users\chaou\AppData\Local\Programs\MiKTeX\tex/latex/hyperref\pd1enc.def
File: pd1enc.def 2022-02-21 v7.00n Hyperref: PDFDocEncoding definition (HO)
Now handling font encoding PD1 ...
... no UTF-8 mapping file for font encoding PD1
)
(C:\Users\chaou\AppData\Local\Programs\MiKTeX\tex/generic/intcalc\intcalc.sty
Package: intcalc 2019/12/15 v1.3 Expandable calculations with integers (HO)
)
(C:\Users\chaou\AppData\Local\Programs\MiKTeX\tex/generic/etexcmds\etexcmds.sty
Package: etexcmds 2019/12/15 v1.7 Avoid name clashes with e-TeX commands (HO)
)
\Hy@SavedSpaceFactor=\count317
 (C:\Users\chaou\AppData\Local\Programs\MiKTeX\tex/latex/hyperref\puenc.def
File: puenc.def 2022-02-21 v7.00n Hyperref: PDF Unicode definition (HO)
Now handling font encoding PU ...
... no UTF-8 mapping file for font encoding PU
)
Package hyperref Info: Option `final' set `true' on input line 4018.
Package hyperref Info: Hyper figures OFF on input line 4137.
Package hyperref Info: Link nesting OFF on input line 4142.
Package hyperref Info: Hyper index ON on input line 4145.
Package hyperref Info: Plain pages OFF on input line 4152.
Package hyperref Info: Backreferencing OFF on input line 4157.
Package hyperref Info: Implicit mode ON; LaTeX internals redefined.
Package hyperref Info: Bookmarks ON on input line 4390.
\c@Hy@tempcnt=\count318

(C:\Users\chaou\AppData\Local\Programs\MiKTeX\tex/latex/url\url.sty
\Urlmuskip=\muskip16
Package: url 2013/09/16  ver 3.4  Verb mode for urls, etc.
)
LaTeX Info: Redefining \url on input line 4749.
\XeTeXLinkMargin=\dimen268

(C:\Users\chaou\AppData\Local\Programs\MiKTeX\tex/generic/bitset\bitset.sty
Package: bitset 2019/12/09 v1.3 Handle bit-vector datatype (HO)

(C:\Users\chaou\AppData\Local\Programs\MiKTeX\tex/generic/bigintcalc\bigintcalc
.sty
Package: bigintcalc 2019/12/15 v1.5 Expandable calculations on big integers (HO
)
))
\Fld@menulength=\count319
\Field@Width=\dimen269
\Fld@charsize=\dimen270
Package hyperref Info: Hyper figures OFF on input line 6027.
Package hyperref Info: Link nesting OFF on input line 6032.
Package hyperref Info: Hyper index ON on input line 6035.
Package hyperref Info: backreferencing OFF on input line 6042.
Package hyperref Info: Link coloring OFF on input line 6047.
Package hyperref Info: Link coloring with OCG OFF on input line 6052.
Package hyperref Info: PDF/A mode OFF on input line 6057.
LaTeX Info: Redefining \ref on input line 6097.
LaTeX Info: Redefining \pageref on input line 6101.

(C:\Users\chaou\AppData\Local\Programs\MiKTeX\tex/latex/base\atbegshi-ltx.sty
Package: atbegshi-ltx 2021/01/10 v1.0c Emulation of the original atbegshi
package with kernel methods
)
\Hy@abspage=\count320
\c@Item=\count321
\c@Hfootnote=\count322
)
Package hyperref Info: Driver (autodetected): hpdftex.
(C:\Users\chaou\AppData\Local\Programs\MiKTeX\tex/latex/hyperref\hpdftex.def
File: hpdftex.def 2022-02-21 v7.00n Hyperref driver for pdfTeX

(C:\Users\chaou\AppData\Local\Programs\MiKTeX\tex/latex/base\atveryend-ltx.sty
Package: atveryend-ltx 2020/08/19 v1.0a Emulation of the original atveryend pac
kage
with kernel methods
)
\Fld@listcount=\count323
\c@bookmark@seq@number=\count324

(C:\Users\chaou\AppData\Local\Programs\MiKTeX\tex/latex/rerunfilecheck\rerunfil
echeck.sty
Package: rerunfilecheck 2019/12/05 v1.9 Rerun checks for auxiliary files (HO)

(C:\Users\chaou\AppData\Local\Programs\MiKTeX\tex/generic/uniquecounter\uniquec
ounter.sty
Package: uniquecounter 2019/12/15 v1.4 Provide unlimited unique counter (HO)
)
Package uniquecounter Info: New unique counter `rerunfilecheck' on input line 2
86.
)
\Hy@SectionHShift=\skip89
)
(C:\Users\chaou\AppData\Local\Programs\MiKTeX\tex/generic/iftex\ifxetex.sty
Package: ifxetex 2019/10/25 v0.7 ifxetex legacy package. Use iftex instead.
)
(C:\Users\chaou\AppData\Local\Programs\MiKTeX\tex/latex/base\fontenc.sty
Package: fontenc 2021/04/29 v2.0v Standard LaTeX package
)
(C:\Users\chaou\AppData\Local\Programs\MiKTeX\tex/latex/base\inputenc.sty
Package: inputenc 2021/02/14 v1.3d Input encoding file
\inpenc@prehook=\toks42
\inpenc@posthook=\toks43
)
(C:\Users\chaou\AppData\Local\Programs\MiKTeX\tex/latex/lm\lmodern.sty
Package: lmodern 2009/10/30 v1.6 Latin Modern Fonts
LaTeX Font Info:    Overwriting symbol font `operators' in version `normal'
(Font)                  OT1/cmr/m/n --> OT1/lmr/m/n on input line 22.
LaTeX Font Info:    Overwriting symbol font `letters' in version `normal'
(Font)                  OML/cmm/m/it --> OML/lmm/m/it on input line 23.
LaTeX Font Info:    Overwriting symbol font `symbols' in version `normal'
(Font)                  OMS/cmsy/m/n --> OMS/lmsy/m/n on input line 24.
LaTeX Font Info:    Overwriting symbol font `largesymbols' in version `normal'
(Font)                  OMX/cmex/m/n --> OMX/lmex/m/n on input line 25.
LaTeX Font Info:    Overwriting symbol font `operators' in version `bold'
(Font)                  OT1/cmr/bx/n --> OT1/lmr/bx/n on input line 26.
LaTeX Font Info:    Overwriting symbol font `letters' in version `bold'
(Font)                  OML/cmm/b/it --> OML/lmm/b/it on input line 27.
LaTeX Font Info:    Overwriting symbol font `symbols' in version `bold'
(Font)                  OMS/cmsy/b/n --> OMS/lmsy/b/n on input line 28.
LaTeX Font Info:    Overwriting symbol font `largesymbols' in version `bold'
(Font)                  OMX/cmex/m/n --> OMX/lmex/m/n on input line 29.
LaTeX Font Info:    Overwriting math alphabet `\mathbf' in version `normal'
(Font)                  OT1/cmr/bx/n --> OT1/lmr/bx/n on input line 31.
LaTeX Font Info:    Overwriting math alphabet `\mathsf' in version `normal'
(Font)                  OT1/cmss/m/n --> OT1/lmss/m/n on input line 32.
LaTeX Font Info:    Overwriting math alphabet `\mathit' in version `normal'
(Font)                  OT1/cmr/m/it --> OT1/lmr/m/it on input line 33.
LaTeX Font Info:    Overwriting math alphabet `\mathtt' in version `normal'
(Font)                  OT1/cmtt/m/n --> OT1/lmtt/m/n on input line 34.
LaTeX Font Info:    Overwriting math alphabet `\mathbf' in version `bold'
(Font)                  OT1/cmr/bx/n --> OT1/lmr/bx/n on input line 35.
LaTeX Font Info:    Overwriting math alphabet `\mathsf' in version `bold'
(Font)                  OT1/cmss/bx/n --> OT1/lmss/bx/n on input line 36.
LaTeX Font Info:    Overwriting math alphabet `\mathit' in version `bold'
(Font)                  OT1/cmr/bx/it --> OT1/lmr/bx/it on input line 37.
LaTeX Font Info:    Overwriting math alphabet `\mathtt' in version `bold'
(Font)                  OT1/cmtt/m/n --> OT1/lmtt/m/n on input line 38.
)

Package hyperref Warning: Token not allowed in a PDF string (Unicode):
(hyperref)                removing `\\' on input line 173.


Package hyperref Warning: Token not allowed in a PDF string (Unicode):
(hyperref)                removing `\\' on input line 173.


(C:\Users\chaou\AppData\Local\Programs\MiKTeX\tex/latex/glossaries/base\glossar
ies.sty
Package: glossaries 2021/11/01 v4.49 (NLCT)

(C:\Users\chaou\AppData\Local\Programs\MiKTeX\tex/latex/xkeyval\xkeyval.sty
Package: xkeyval 2020/11/20 v2.8 package option processing (HA)

(C:\Users\chaou\AppData\Local\Programs\MiKTeX\tex/generic/xkeyval\xkeyval.tex
(C:\Users\chaou\AppData\Local\Programs\MiKTeX\tex/generic/xkeyval\xkvutils.tex
\XKV@toks=\toks44
\XKV@tempa@toks=\toks45
)
\XKV@depth=\count325
File: xkeyval.tex 2014/12/03 v2.7a key=value parser (HA)
))
(C:\Users\chaou\AppData\Local\Programs\MiKTeX\tex/latex/mfirstuc\mfirstuc.sty
Package: mfirstuc 2021/10/15 v2.07 (NLCT)
\@glsmfirst=\toks46
\@glsmrest=\toks47
)
(C:\Users\chaou\AppData\Local\Programs\MiKTeX\tex/latex/textcase\textcase.sty
Package: textcase 2019/09/14 v1.00 Text only upper/lower case changing (DPC)
)
(C:\Users\chaou\AppData\Local\Programs\MiKTeX\tex/latex/xfor\xfor.sty
Package: xfor 2009/02/05 v1.05 (NLCT)
)
(C:\Users\chaou\AppData\Local\Programs\MiKTeX\tex/latex/datatool\datatool-base.
sty
Package: datatool-base 2019/09/27 v2.32 (NLCT)
 (C:\Users\chaou\AppData\Local\Programs\MiKTeX\tex/latex/amsmath\amsmath.sty
Package: amsmath 2021/10/15 v2.17l AMS math features
\@mathmargin=\skip90
For additional information on amsmath, use the `?' option.
(C:\Users\chaou\AppData\Local\Programs\MiKTeX\tex/latex/amsmath\amstext.sty
Package: amstext 2021/08/26 v2.01 AMS text

(C:\Users\chaou\AppData\Local\Programs\MiKTeX\tex/latex/amsmath\amsgen.sty
File: amsgen.sty 1999/11/30 v2.0 generic functions
\@emptytoks=\toks48
\ex@=\dimen271
))
(C:\Users\chaou\AppData\Local\Programs\MiKTeX\tex/latex/amsmath\amsbsy.sty
Package: amsbsy 1999/11/29 v1.2d Bold Symbols
\pmbraise@=\dimen272
)
(C:\Users\chaou\AppData\Local\Programs\MiKTeX\tex/latex/amsmath\amsopn.sty
Package: amsopn 2021/08/26 v2.02 operator names
)
\inf@bad=\count326
LaTeX Info: Redefining \frac on input line 234.
\uproot@=\count327
\leftroot@=\count328
LaTeX Info: Redefining \overline on input line 399.
\classnum@=\count329
\DOTSCASE@=\count330
LaTeX Info: Redefining \ldots on input line 496.
LaTeX Info: Redefining \dots on input line 499.
LaTeX Info: Redefining \cdots on input line 620.
\Mathstrutbox@=\box76
\strutbox@=\box77
\big@size=\dimen273
LaTeX Font Info:    Redeclaring font encoding OML on input line 743.
LaTeX Font Info:    Redeclaring font encoding OMS on input line 744.
\macc@depth=\count331
\c@MaxMatrixCols=\count332
\dotsspace@=\muskip17
\c@parentequation=\count333
\dspbrk@lvl=\count334
\tag@help=\toks49
\row@=\count335
\column@=\count336
\maxfields@=\count337
\andhelp@=\toks50
\eqnshift@=\dimen274
\alignsep@=\dimen275
\tagshift@=\dimen276
\tagwidth@=\dimen277
\totwidth@=\dimen278
\lineht@=\dimen279
\@envbody=\toks51
\multlinegap=\skip91
\multlinetaggap=\skip92
\mathdisplay@stack=\toks52
LaTeX Info: Redefining \[ on input line 2938.
LaTeX Info: Redefining \] on input line 2939.
)
(C:\Users\chaou\AppData\Local\Programs\MiKTeX\tex/latex/substr\substr.sty
Package: substr 2009/10/20 v1.2 Handle substrings
\c@su@anzahl=\count338
)
(C:\Users\chaou\AppData\Local\Programs\MiKTeX\tex/latex/datatool\datatool-fp.st
y
Package: datatool-fp 2019/09/27 v2.32 (NLCT)
 (C:\Users\chaou\AppData\Local\Programs\MiKTeX\tex/latex/fp\fp.sty
Package: fp 1995/04/02

`Fixed Point Package', Version 0.8, April 2, 1995 (C) Michael Mehlich
(C:\Users\chaou\AppData\Local\Programs\MiKTeX\tex/latex/fp\defpattern.sty
Package: defpattern 1994/10/12
\actioncount=\count339
)
(C:\Users\chaou\AppData\Local\Programs\MiKTeX\tex/latex/fp\fp-basic.sty
Package: fp-basic 1996/05/13
\FP@xs=\count340
\FP@xia=\count341
\FP@xib=\count342
\FP@xfa=\count343
\FP@xfb=\count344
\FP@rega=\count345
\FP@regb=\count346
\FP@regs=\count347
\FP@times=\count348
)
(C:\Users\chaou\AppData\Local\Programs\MiKTeX\tex/latex/fp\fp-addons.sty
Package: fp-addons 1995/03/15
)
(C:\Users\chaou\AppData\Local\Programs\MiKTeX\tex/latex/fp\fp-snap.sty
Package: fp-snap 1995/04/05
)
(C:\Users\chaou\AppData\Local\Programs\MiKTeX\tex/latex/fp\fp-exp.sty
Package: fp-exp 1995/04/03
)
(C:\Users\chaou\AppData\Local\Programs\MiKTeX\tex/latex/fp\fp-trigo.sty
Package: fp-trigo 1995/04/14
)
(C:\Users\chaou\AppData\Local\Programs\MiKTeX\tex/latex/fp\fp-pas.sty
Package: fp-pas 1994/08/29
)
(C:\Users\chaou\AppData\Local\Programs\MiKTeX\tex/latex/fp\fp-random.sty
Package: fp-random 1995/02/23
\FPseed=\count349
)
(C:\Users\chaou\AppData\Local\Programs\MiKTeX\tex/latex/fp\fp-eqn.sty
Package: fp-eqn 1995/04/03
)
(C:\Users\chaou\AppData\Local\Programs\MiKTeX\tex/latex/fp\fp-upn.sty
Package: fp-upn 1996/10/21
)
(C:\Users\chaou\AppData\Local\Programs\MiKTeX\tex/latex/fp\fp-eval.sty
Package: fp-eval 1995/04/03
)))
\@dtl@toks=\toks53
\@dtl@tmpcount=\count350
\dtl@tmplength=\skip93
\dtl@sortresult=\count351
\@dtl@numgrpsepcount=\count352
\@dtl@datatype=\count353
\dtl@codeA=\count354
\dtl@codeB=\count355
\@dtl@foreach@level=\count356
)
(C:\Users\chaou\AppData\Local\Programs\MiKTeX\tex/latex/glossaries/base\glossar
ies-compatible-307.sty
Package: glossaries-compatible-307 2021/11/01 v4.49 (NLCT)
)
\gls@level=\count357
\@gls@tmpb=\toks54
\gls@tmplen=\skip94
\glskeylisttok=\toks55
\glslabeltok=\toks56
\glsshorttok=\toks57
\glslongtok=\toks58

(C:\Users\chaou\AppData\Local\Programs\MiKTeX\tex/latex/glossaries/styles\gloss
ary-hypernav.sty
Package: glossary-hypernav 2021/11/01 v4.49 (NLCT)
)
(C:\Users\chaou\AppData\Local\Programs\MiKTeX\tex/latex/glossaries/styles\gloss
ary-list.sty
Package: glossary-list 2021/11/01 v4.49 (NLCT)
\glslistdottedwidth=\skip95
)
(C:\Users\chaou\AppData\Local\Programs\MiKTeX\tex/latex/glossaries/styles\gloss
ary-long.sty
Package: glossary-long 2021/11/01 v4.49 (NLCT)

(C:\Users\chaou\AppData\Local\Programs\MiKTeX\tex/latex/tools\longtable.sty
Package: longtable 2021-09-01 v4.17 Multi-page Table package (DPC)
\LTleft=\skip96
\LTright=\skip97
\LTpre=\skip98
\LTpost=\skip99
\LTchunksize=\count358
\LTcapwidth=\dimen280
\LT@head=\box78
\LT@firsthead=\box79
\LT@foot=\box80
\LT@lastfoot=\box81
\LT@gbox=\box82
\LT@cols=\count359
\LT@rows=\count360
\c@LT@tables=\count361
\c@LT@chunks=\count362
\LT@p@ftn=\toks59
)
\glsdescwidth=\skip100
\glspagelistwidth=\skip101
)
(C:\Users\chaou\AppData\Local\Programs\MiKTeX\tex/latex/glossaries/styles\gloss
ary-super.sty
Package: glossary-super 2021/11/01 v4.49 (NLCT)

(C:\Users\chaou\AppData\Local\Programs\MiKTeX\tex/latex/supertabular\supertabul
ar.sty
Package: supertabular 2020/02/02 v4.1g the supertabular environment
\c@tracingst=\count363
\ST@wd=\dimen281
\ST@rightskip=\skip102
\ST@leftskip=\skip103
\ST@parfillskip=\skip104
\ST@pageleft=\dimen282
\ST@headht=\dimen283
\ST@tailht=\dimen284
\ST@pagesofar=\dimen285
\ST@pboxht=\dimen286
\ST@lineht=\dimen287
\ST@prevht=\dimen288
\ST@toadd=\dimen289
\ST@dimen=\dimen290
\ST@pbox=\box83
))
(C:\Users\chaou\AppData\Local\Programs\MiKTeX\tex/latex/glossaries/styles\gloss
ary-tree.sty
Package: glossary-tree 2021/11/01 v4.49 (NLCT)
\glstreeindent=\skip105
))
\glswrite=\write5
\glo@main@file=\write6
\openout6 = `rapport.glo'.

Package glossaries Info: Writing glossary file rapport.glo on input line 180.
\glo@acronym@file=\write7
\openout7 = `rapport.acn'.

Package glossaries Info: Writing glossary file rapport.acn on input line 180.

(C:\Users\chaou\AppData\Local\Programs\MiKTeX\tex/generic/babel\babel.sty
Package: babel 2022/04/30 3.74 The Babel package
\babel@savecnt=\count364
\U@D=\dimen291
\l@unhyphenated=\language79

(C:\Users\chaou\AppData\Local\Programs\MiKTeX\tex/generic/babel\txtbabel.def)
\bbl@readstream=\read3
\bbl@dirlevel=\count365

*************************************
* Local config file bblopts.cfg used
*
(C:\Users\chaou\AppData\Local\Programs\MiKTeX\tex/latex/arabi\bblopts.cfg
File: bblopts.cfg 2005/09/08 v0.1 add Arabic and Farsi to "declared" options of
 babel
)
(C:\Users\chaou\AppData\Local\Programs\MiKTeX\tex/generic/babel-french\french.l
df
Language: french 2022/04/18 v3.5n French support from the babel system
Package babel Info: Hyphen rules for 'acadian' set to \l@french
(babel)             (\language22). Reported on input line 91.
Package babel Info: Hyphen rules for 'canadien' set to \l@french
(babel)             (\language22). Reported on input line 92.
\FB@nonchar=\count366
Package babel Info: Making : an active character on input line 430.
Package babel Info: Making ; an active character on input line 431.
Package babel Info: Making ! an active character on input line 432.
Package babel Info: Making ? an active character on input line 433.
\FBguill@level=\count367
\FBold@everypar=\toks60
\FB@Mht=\dimen292
\mc@charclass=\count368
\mc@charfam=\count369
\mc@charslot=\count370
\std@mcc=\count371
\dec@mcc=\count372
\listindentFB=\dimen293
\descindentFB=\dimen294
\labelindentFB=\dimen295
\labelwidthFB=\dimen296
\leftmarginFB=\dimen297
\parindentFFN=\dimen298
\FBfnindent=\dimen299
))
(C:\Users\chaou\AppData\Local\Programs\MiKTeX\tex/latex/carlisle\scalefnt.sty)
LaTeX Font Info:    Trying to load font information for T1+lmr on input line 19
1.

(C:\Users\chaou\AppData\Local\Programs\MiKTeX\tex/latex/lm\t1lmr.fd
File: t1lmr.fd 2009/10/30 v1.6 Font defs for Latin Modern
)
(rapport.aux

LaTeX Warning: Label `Org' multiply defined.


LaTeX Warning: Label `Org' multiply defined.


LaTeX Warning: Label `Org' multiply defined.


LaTeX Warning: Label `Org' multiply defined.


LaTeX Warning: Label `Org' multiply defined.


LaTeX Warning: Label `Org' multiply defined.


LaTeX Warning: Label `Org' multiply defined.


LaTeX Warning: Label `Org' multiply defined.


LaTeX Warning: Label `Diagramme3' multiply defined.


LaTeX Warning: Label `Diagramme3' multiply defined.


LaTeX Warning: Label `Org' multiply defined.


LaTeX Warning: Label `Org' multiply defined.


LaTeX Warning: Label `Org' multiply defined.


LaTeX Warning: Label `Org' multiply defined.


LaTeX Warning: Label `Org' multiply defined.


LaTeX Warning: Label `Org' multiply defined.


LaTeX Warning: Label `Org' multiply defined.


LaTeX Warning: Label `Diagramme3' multiply defined.


LaTeX Warning: Label `Diagramme3' multiply defined.


LaTeX Warning: Label `Diagramme3' multiply defined.


LaTeX Warning: Label `Diagramme3' multiply defined.


LaTeX Warning: Label `Diagramme3' multiply defined.


LaTeX Warning: Label `Diagramme3' multiply defined.


LaTeX Warning: Label `Org' multiply defined.


LaTeX Warning: Label `Org' multiply defined.


LaTeX Warning: Label `Org' multiply defined.


LaTeX Warning: Label `Diagramme3' multiply defined.


LaTeX Warning: Label `Diagramme3' multiply defined.


LaTeX Warning: Label `Diagramme3' multiply defined.


LaTeX Warning: Label `Diagramme3' multiply defined.


LaTeX Warning: Label `Org' multiply defined.


LaTeX Warning: Label `Org' multiply defined.


LaTeX Warning: Label `Org' multiply defined.


LaTeX Warning: Label `Org' multiply defined.


LaTeX Warning: Label `Org' multiply defined.


LaTeX Warning: Label `Org' multiply defined.


LaTeX Warning: Label `Org' multiply defined.


LaTeX Warning: Label `Diagramme3' multiply defined.


LaTeX Warning: Label `Diagramme3' multiply defined.


LaTeX Warning: Label `Diagramme3' multiply defined.


LaTeX Warning: Label `Diagramme3' multiply defined.


LaTeX Warning: Label `Org' multiply defined.


LaTeX Warning: Label `Org' multiply defined.


LaTeX Warning: Label `Org' multiply defined.


LaTeX Warning: Label `Org' multiply defined.


LaTeX Warning: Label `Org' multiply defined.


LaTeX Warning: Label `Org' multiply defined.


LaTeX Warning: Label `Org' multiply defined.

)
\openout1 = `rapport.aux'.

LaTeX Font Info:    Checking defaults for OML/cmm/m/it on input line 191.
LaTeX Font Info:    ... okay on input line 191.
LaTeX Font Info:    Checking defaults for OMS/cmsy/m/n on input line 191.
LaTeX Font Info:    ... okay on input line 191.
LaTeX Font Info:    Checking defaults for OT1/cmr/m/n on input line 191.
LaTeX Font Info:    ... okay on input line 191.
LaTeX Font Info:    Checking defaults for T1/cmr/m/n on input line 191.
LaTeX Font Info:    ... okay on input line 191.
LaTeX Font Info:    Checking defaults for TS1/cmr/m/n on input line 191.
LaTeX Font Info:    ... okay on input line 191.
LaTeX Font Info:    Checking defaults for OMX/cmex/m/n on input line 191.
LaTeX Font Info:    ... okay on input line 191.
LaTeX Font Info:    Checking defaults for U/cmr/m/n on input line 191.
LaTeX Font Info:    ... okay on input line 191.
LaTeX Font Info:    Checking defaults for PD1/pdf/m/n on input line 191.
LaTeX Font Info:    ... okay on input line 191.
LaTeX Font Info:    Checking defaults for PU/pdf/m/n on input line 191.
LaTeX Font Info:    ... okay on input line 191.

(C:\Users\chaou\AppData\Local\Programs\MiKTeX\tex/context/base/mkii\supp-pdf.mk
ii
[Loading MPS to PDF converter (version 2006.09.02).]
\scratchcounter=\count373
\scratchdimen=\dimen300
\scratchbox=\box84
\nofMPsegments=\count374
\nofMParguments=\count375
\everyMPshowfont=\toks61
\MPscratchCnt=\count376
\MPscratchDim=\dimen301
\MPnumerator=\count377
\makeMPintoPDFobject=\count378
\everyMPtoPDFconversion=\toks62
)
(C:\Users\chaou\AppData\Local\Programs\MiKTeX\tex/latex/epstopdf-pkg\epstopdf-b
ase.sty
Package: epstopdf-base 2020-01-24 v2.11 Base part for package epstopdf
Package epstopdf-base Info: Redefining graphics rule for `.eps' on input line 4
85.

(C:\Users\chaou\AppData\Local\Programs\MiKTeX\tex/latex/00miktex\epstopdf-sys.c
fg
File: epstopdf-sys.cfg 2021/03/18 v2.0 Configuration of epstopdf for MiKTeX
))
Package hyperref Info: Link coloring OFF on input line 191.

(C:\Users\chaou\AppData\Local\Programs\MiKTeX\tex/latex/hyperref\nameref.sty
Package: nameref 2021-04-02 v2.47 Cross-referencing by name of section

(C:\Users\chaou\AppData\Local\Programs\MiKTeX\tex/latex/refcount\refcount.sty
Package: refcount 2019/12/15 v3.6 Data extraction from label references (HO)
)
(C:\Users\chaou\AppData\Local\Programs\MiKTeX\tex/generic/gettitlestring\gettit
lestring.sty
Package: gettitlestring 2019/12/15 v1.6 Cleanup title references (HO)
)
\c@section@level=\count379
)
LaTeX Info: Redefining \ref on input line 191.
LaTeX Info: Redefining \pageref on input line 191.
LaTeX Info: Redefining \nameref on input line 191.
 (rapport.out) (rapport.out)
\@outlinefile=\write8
\openout8 = `rapport.out'.

LaTeX Info: Redefining \degres on input line 191.
LaTeX Info: Redefining \up on input line 191.
<embleme.jpg, id=321, 345.54094pt x 225.84375pt>
File: embleme.jpg Graphic file (type jpg)
<use embleme.jpg>
Package pdftex.def Info: embleme.jpg  used on input line 201.
(pdftex.def)             Requested size: 86.38501pt x 56.46078pt.
LaTeX Font Info:    Trying to load font information for OT1+lmr on input line 2
06.

(C:\Users\chaou\AppData\Local\Programs\MiKTeX\tex/latex/lm\ot1lmr.fd
File: ot1lmr.fd 2009/10/30 v1.6 Font defs for Latin Modern
)
LaTeX Font Info:    Trying to load font information for OML+lmm on input line 2
06.

(C:\Users\chaou\AppData\Local\Programs\MiKTeX\tex/latex/lm\omllmm.fd
File: omllmm.fd 2009/10/30 v1.6 Font defs for Latin Modern
)
LaTeX Font Info:    Trying to load font information for OMS+lmsy on input line 
206.

(C:\Users\chaou\AppData\Local\Programs\MiKTeX\tex/latex/lm\omslmsy.fd
File: omslmsy.fd 2009/10/30 v1.6 Font defs for Latin Modern
)
LaTeX Font Info:    Trying to load font information for OMX+lmex on input line 
206.

(C:\Users\chaou\AppData\Local\Programs\MiKTeX\tex/latex/lm\omxlmex.fd
File: omxlmex.fd 2009/10/30 v1.6 Font defs for Latin Modern
)
LaTeX Font Info:    External font `lmex10' loaded for size
(Font)              <9> on input line 206.
LaTeX Font Info:    External font `lmex10' loaded for size
(Font)              <6> on input line 206.
LaTeX Font Info:    External font `lmex10' loaded for size
(Font)              <5> on input line 206.
<iset.jpg, id=322, 265.74281pt x 107.65219pt>
File: iset.jpg Graphic file (type jpg)
<use iset.jpg>
Package pdftex.def Info: iset.jpg  used on input line 216.
(pdftex.def)             Requested size: 143.49898pt x 58.1313pt.
<logo-essai.png, id=323, 268.00125pt x 189.70876pt>
File: logo-essai.png Graphic file (type png)
<use logo-essai.png>
Package pdftex.def Info: logo-essai.png  used on input line 238.
(pdftex.def)             Requested size: 107.1986pt x 75.88214pt.
LaTeX Font Info:    External font `lmex10' loaded for size
(Font)              <12> on input line 277.
LaTeX Font Info:    External font `lmex10' loaded for size
(Font)              <8> on input line 277.
 [1

\openout5 = `rapport.ist'.

{C:/Users/chaou/AppData/Local/MiKTeX/fonts/map/pdftex/pdftex.map} <./embleme.jp
g> <./iset.jpg> <./logo-essai.png>]
pdfTeX warning (ext4): destination with the same identifier (name{page.i}) has 
been already used, duplicate ignored
<to be read again> 
                   \relax 
l.343 \chapter
              *{Remerciements} [1

]
Overfull \hbox (0.6944pt too wide) in paragraph at lines 348--355
\T1/lmr/m/n/12 hane. Je lui té-moigne toute ma gra-ti-tude pour ses en-cou-ra-g
e-ments, ses re-marques construc-
 []

(abstract.tex [2

]
Underfull \hbox (badness 10000) in paragraph at lines 7--9

 []


Underfull \hbox (badness 10000) in paragraph at lines 14--15

 []


pdfTeX warning (ext4): destination with the same identifier (name{page.i}) has 
been already used, duplicate ignored
<to be read again> 
                   \relax 
l.18 \end{abstract}
                    [1]) (rapport.toc
pdfTeX warning (ext4): destination with the same identifier (name{page.i}) has 
been already used, duplicate ignored
<to be read again> 
                   \relax 
l.31 ...tecture de l'application}{26}{section.2.7}
                                                  % [1

]
pdfTeX warning (ext4): destination with the same identifier (name{page.ii}) has
 been already used, duplicate ignored
<to be read again> 
                   \relax 
l.67 ...\numberline {5.2}Analyse}{55}{section.5.2}
                                                  % [2])
\tf@toc=\write9
\openout9 = `rapport.toc'.

 [3] (rapport.lof
[4

])
\tf@lof=\write10
\openout10 = `rapport.lof'.

 [5] (rapport.lot)
\tf@lot=\write11
\openout11 = `rapport.lot'.

 [6

] (introduction.tex [1


]) [2]
Chapitre 1.
(chapitre1.tex [3

]
LaTeX Font Info:    Trying to load font information for TS1+lmr on input line 2
5.

(C:\Users\chaou\AppData\Local\Programs\MiKTeX\tex/latex/lm\ts1lmr.fd
File: ts1lmr.fd 2009/10/30 v1.6 Font defs for Latin Modern
)
LaTeX Font Info:    Trying to load font information for T1+lmtt on input line 2
5.

(C:\Users\chaou\AppData\Local\Programs\MiKTeX\tex/latex/lm\t1lmtt.fd
File: t1lmtt.fd 2009/10/30 v1.6 Font defs for Latin Modern
)
LaTeX Font Info:    External font `lmex10' loaded for size
(Font)              <10> on input line 25.
LaTeX Font Info:    External font `lmex10' loaded for size
(Font)              <7> on input line 25.
<D) IMAGES/imOrg.png, id=587, 367.3725pt x 449.42906pt>
File: D) IMAGES/imOrg.png Graphic file (type png)
<use D) IMAGES/imOrg.png>
Package pdftex.def Info: D) IMAGES/imOrg.png  used on input line 29.
(pdftex.def)             Requested size: 432.48048pt x 529.11472pt.
 [4]
[5 <./D) IMAGES/imOrg.png>]
Overfull \hbox (45.15704pt too wide) in paragraph at lines 42--42
[][][]\T1/lmr/m/n/10 .[][][]$\T1/lmtt/m/n/10 https : / / www . webmanagercenter
 . com / 2021 / 10 / 28 / 474672 / violation-[]a-[]grande-[]echelle-[]des-[]don
nees \
 []

<D) IMAGES/for1.png, id=604, 883.04906pt x 467.49657pt>
File: D) IMAGES/for1.png Graphic file (type png)
<use D) IMAGES/for1.png>
Package pdftex.def Info: D) IMAGES/for1.png  used on input line 47.
(pdftex.def)             Requested size: 432.48048pt x 228.96118pt.
[6 <./D) IMAGES/for1.png>]
<D) IMAGES/for2.png, id=612, 961.34157pt x 470.50781pt>
File: D) IMAGES/for2.png Graphic file (type png)
<use D) IMAGES/for2.png>
Package pdftex.def Info: D) IMAGES/for2.png  used on input line 55.
(pdftex.def)             Requested size: 432.48048pt x 211.66911pt.
<D) IMAGES/forapp.png, id=613, 701.62125pt x 482.55281pt>
File: D) IMAGES/forapp.png Graphic file (type png)
<use D) IMAGES/forapp.png>
Package pdftex.def Info: D) IMAGES/forapp.png  used on input line 62.
(pdftex.def)             Requested size: 432.48048pt x 297.45667pt.
<D) IMAGES/for3.png, id=614, 962.09438pt x 384.6872pt>
File: D) IMAGES/for3.png Graphic file (type png)
<use D) IMAGES/for3.png>
Package pdftex.def Info: D) IMAGES/for3.png  used on input line 71.
(pdftex.def)             Requested size: 432.48048pt x 172.92566pt.


LaTeX Warning: `!h' float specifier changed to `!ht'.


LaTeX Warning: `!h' float specifier changed to `!ht'.

[7 <./D) IMAGES/for2.png>]
Overfull \hbox (45.15704pt too wide) in paragraph at lines 78--78
[][][]\T1/lmr/m/n/10 .[][][]$\T1/lmtt/m/n/10 https : / / www . webmanagercenter
 . com / 2021 / 10 / 28 / 474672 / violation-[]a-[]grande-[]echelle-[]des-[]don
nees \
 []

[8 <./D) IMAGES/forapp.png> <./D) IMAGES/for3.png>] [9]
<D) IMAGES/cmsMarche.png, id=642, 377.15906pt x 393.72093pt>
File: D) IMAGES/cmsMarche.png Graphic file (type png)
<use D) IMAGES/cmsMarche.png>
Package pdftex.def Info: D) IMAGES/cmsMarche.png  used on input line 87.
(pdftex.def)             Requested size: 341.43306pt x 356.42422pt.
 [10 <./D) IMAGES/cmsMarche.png>] [11] [12]
<D) IMAGES/agile.png, id=676, 459.21562pt x 246.1697pt>
File: D) IMAGES/agile.png Graphic file (type png)
<use D) IMAGES/agile.png>
Package pdftex.def Info: D) IMAGES/agile.png  used on input line 148.
(pdftex.def)             Requested size: 386.96024pt x 207.44597pt.
<D) IMAGES/scrum.png, id=681, 594.72188pt x 201.75375pt>
File: D) IMAGES/scrum.png Graphic file (type png)
<use D) IMAGES/scrum.png>
Package pdftex.def Info: D) IMAGES/scrum.png  used on input line 162.
(pdftex.def)             Requested size: 432.48048pt x 146.71255pt.
 [13 <./D) IMAGES/agile.png>] [14 <./D) IMAGES/scrum.png>])
[15]
Chapitre 2.
(chapitre2.tex
Overfull \hbox (6.83012pt too wide) in paragraph at lines 10--14
[]\T1/lmr/m/n/12 Le Centre Na-tio-nal Uni-ver-si-taire de do-cu-men-ta-tion Sci
en-ti-fique et Tech-nique (CNUDST)
 []

[16

] [17] [18]
<D) IMAGES/casutlglobal.png, id=721, 972.63374pt x 763.85374pt>
File: D) IMAGES/casutlglobal.png Graphic file (type png)
<use D) IMAGES/casutlglobal.png>
Package pdftex.def Info: D) IMAGES/casutlglobal.png  used on input line 160.
(pdftex.def)             Requested size: 455.24408pt x 357.51941pt.
 [19]
Overfull \vbox (14.50002pt too high) detected at line 203
 []


Overfull \hbox (24.77805pt too wide) in paragraph at lines 195--241
 [][] 
 []

[20 <./D) IMAGES/casutlglobal.png>] [21]
<D) IMAGES/PlanningdesSprints.png, id=737, 397.485pt x 293.59688pt>
File: D) IMAGES/PlanningdesSprints.png Graphic file (type png)
<use D) IMAGES/PlanningdesSprints.png>
Package pdftex.def Info: D) IMAGES/PlanningdesSprints.png  used on input line 2
54.
(pdftex.def)             Requested size: 432.48048pt x 319.45424pt.
<D) IMAGES/PlanningDesSprintsGantt.png, id=738, 795.72281pt x 158.84344pt>
File: D) IMAGES/PlanningDesSprintsGantt.png Graphic file (type png)
<use D) IMAGES/PlanningDesSprintsGantt.png>
Package pdftex.def Info: D) IMAGES/PlanningDesSprintsGantt.png  used on input l
ine 260.
(pdftex.def)             Requested size: 432.48048pt x 86.33163pt.
 [22 <./D) IMAGES/PlanningdesSprints.png> <./D) IMAGES/PlanningDesSprintsGantt.
png>]
<D) IMAGES/html.png, id=745, 169.38281pt x 169.38281pt>
File: D) IMAGES/html.png Graphic file (type png)
<use D) IMAGES/html.png>
Package pdftex.def Info: D) IMAGES/html.png  used on input line 326.
(pdftex.def)             Requested size: 43.25067pt x 43.25018pt.
 [23 <./D) IMAGES/html.png>]
<D) IMAGES/css.png, id=753, 62.415pt x 64.0575pt>
File: D) IMAGES/css.png Graphic file (type png)
<use D) IMAGES/css.png>
Package pdftex.def Info: D) IMAGES/css.png  used on input line 332.
(pdftex.def)             Requested size: 43.25067pt x 44.38931pt.
<D) IMAGES/latex.jpg, id=754, 248.93pt x 203.76125pt>
File: D) IMAGES/latex.jpg Graphic file (type jpg)
<use D) IMAGES/latex.jpg>
Package pdftex.def Info: D) IMAGES/latex.jpg  used on input line 336.
(pdftex.def)             Requested size: 64.86942pt x 53.09792pt.
<D) IMAGES/java.png, id=755, 677.53125pt x 722.7pt>
File: D) IMAGES/java.png Graphic file (type png)
<use D) IMAGES/java.png>
Package pdftex.def Info: D) IMAGES/java.png  used on input line 379.
(pdftex.def)             Requested size: 43.25067pt x 46.12802pt.

[24 <./D) IMAGES/css.png> <./D) IMAGES/latex.jpg> <./D) IMAGES/java.png>]
<D) IMAGES/php.jpg, id=763, 225.84375pt x 225.84375pt>
File: D) IMAGES/php.jpg Graphic file (type jpg)
<use D) IMAGES/php.jpg>
Package pdftex.def Info: D) IMAGES/php.jpg  used on input line 383.
(pdftex.def)             Requested size: 64.86942pt x 64.86926pt.

Underfull \hbox (badness 10000) in paragraph at lines 387--389

 []

<D) IMAGES/VSCode.png, id=764, 194.97844pt x 146.04562pt>
File: D) IMAGES/VSCode.png Graphic file (type png)
<use D) IMAGES/VSCode.png>
Package pdftex.def Info: D) IMAGES/VSCode.png  used on input line 395.
(pdftex.def)             Requested size: 64.86942pt x 48.58963pt.
<D) IMAGES/draw.png, id=765, 250.9375pt x 100.375pt>
File: D) IMAGES/draw.png Graphic file (type png)
<use D) IMAGES/draw.png>
Package pdftex.def Info: D) IMAGES/draw.png  used on input line 400.
(pdftex.def)             Requested size: 108.12012pt x 43.24922pt.
<D) IMAGES/sql.png, id=766, 259.97125pt x 194.7275pt>
File: D) IMAGES/sql.png Graphic file (type png)
<use D) IMAGES/sql.png>
Package pdftex.def Info: D) IMAGES/sql.png  used on input line 406.
(pdftex.def)             Requested size: 108.12012pt x 80.9857pt.
[25 <./D) IMAGES/php.jpg> <./D) IMAGES/VSCode.png> <./D) IMAGES/draw.png> <./D)
 IMAGES/sql.png>]
<D) IMAGES/arch.png, id=774, 371.88937pt x 122.70844pt>
File: D) IMAGES/arch.png Graphic file (type png)
<use D) IMAGES/arch.png>
Package pdftex.def Info: D) IMAGES/arch.png  used on input line 426.
(pdftex.def)             Requested size: 386.96024pt x 127.6849pt.
<D) IMAGES/MVC.png, id=775, 459.96844pt x 274.77657pt>
File: D) IMAGES/MVC.png Graphic file (type png)
<use D) IMAGES/MVC.png>
Package pdftex.def Info: D) IMAGES/MVC.png  used on input line 436.
(pdftex.def)             Requested size: 295.90587pt x 176.7788pt.
 [26 <./D) IMAGES/arch.png> <./D) IMAGES/MVC.png>]) [27]
Chapitre 3.
(Chapitre3.tex
Underfull \hbox (badness 10000) in paragraph at lines 2--3

 []

[28

]
Overfull \vbox (14.50002pt too high) detected at line 29
 []


Overfull \vbox (29.00002pt too high) detected at line 33
 []


Overfull \vbox (14.50002pt too high) detected at line 46
 []


Overfull \hbox (20.10265pt too wide) in paragraph at lines 25--54
 [][] 
 []

[29]
<D) IMAGES/globtheme.png, id=795, 611.28375pt x 302.12875pt>
File: D) IMAGES/globtheme.png Graphic file (type png)
<use D) IMAGES/globtheme.png>
Package pdftex.def Info: D) IMAGES/globtheme.png  used on input line 77.
(pdftex.def)             Requested size: 386.96024pt x 191.25491pt.
<D) IMAGES/CasUtilisationsprint1.png, id=796, 651.43375pt x 422.57875pt>
File: D) IMAGES/CasUtilisationsprint1.png Graphic file (type png)
<use D) IMAGES/CasUtilisationsprint1.png>
Package pdftex.def Info: D) IMAGES/CasUtilisationsprint1.png  used on input lin
e 84.
(pdftex.def)             Requested size: 386.96024pt x 251.02158pt.
 [30 <./D) IMAGES/globtheme.png> <./D) IMAGES/CasUtilisationsprint1.png>]
<D) IMAGES/constheme.png, id=803, 678.535pt x 211.79124pt>
File: D) IMAGES/constheme.png Graphic file (type png)
<use D) IMAGES/constheme.png>
Package pdftex.def Info: D) IMAGES/constheme.png  used on input line 93.
(pdftex.def)             Requested size: 386.96024pt x 120.78043pt.

[31 <./D) IMAGES/constheme.png>]
Overfull \hbox (4.39113pt too wide) in paragraph at lines 157--157
[]\T1/lmr/bx/n/14.4 Description tex-tuelle des cas d'uti-li-sa-tion :Consul-ter
 thème 
 []

[32]
<D) IMAGES/classe1.png, id=828, 111.41624pt x 186.6975pt>
File: D) IMAGES/classe1.png Graphic file (type png)
<use D) IMAGES/classe1.png>
Package pdftex.def Info: D) IMAGES/classe1.png  used on input line 189.
(pdftex.def)             Requested size: 68.28383pt x 114.42087pt.
 [33 <./D) IMAGES/classe1.png>]
<D) IMAGES/diagseq1.png, id=840, 693.59125pt x 824.07875pt>
File: D) IMAGES/diagseq1.png Graphic file (type png)
<use D) IMAGES/diagseq1.png>
Package pdftex.def Info: D) IMAGES/diagseq1.png  used on input line 199.
(pdftex.def)             Requested size: 341.43306pt x 405.6757pt.
<D) IMAGES/diagSeqLister.png, id=841, 773.89125pt x 1125.20375pt>
File: D) IMAGES/diagSeqLister.png Graphic file (type png)
<use D) IMAGES/diagSeqLister.png>
Package pdftex.def Info: D) IMAGES/diagSeqLister.png  used on input line 206.
(pdftex.def)             Requested size: 341.43306pt x 496.43039pt.


LaTeX Warning: `!h' float specifier changed to `!ht'.

[34 <./D) IMAGES/diagseq1.png>]
<D) IMAGES/diagconstheme.png, id=847, 793.96625pt x 668.4975pt>
File: D) IMAGES/diagconstheme.png Graphic file (type png)
<use D) IMAGES/diagconstheme.png>
Package pdftex.def Info: D) IMAGES/diagconstheme.png  used on input line 214.
(pdftex.def)             Requested size: 341.43306pt x 287.47891pt.


LaTeX Warning: `!h' float specifier changed to `!ht'.

[35 <./D) IMAGES/diagSeqLister.png>]
<D) IMAGES/ajouterTheme.png, id=853, 1015.54407pt x 467.49657pt>
File: D) IMAGES/ajouterTheme.png Graphic file (type png)
<use D) IMAGES/ajouterTheme.png>
Package pdftex.def Info: D) IMAGES/ajouterTheme.png  used on input line 226.
(pdftex.def)             Requested size: 455.24408pt x 209.56543pt.
<D) IMAGES/Champs.png, id=854, 1015.54407pt x 465.99094pt>
File: D) IMAGES/Champs.png Graphic file (type png)
<use D) IMAGES/Champs.png>
Package pdftex.def Info: D) IMAGES/Champs.png  used on input line 234.
(pdftex.def)             Requested size: 455.24408pt x 208.8905pt.


LaTeX Warning: `!h' float specifier changed to `!ht'.

[36 <./D) IMAGES/diagconstheme.png> <./D) IMAGES/ajouterTheme.png>]
<D) IMAGES/ListerChamp.png, id=860, 1009.52156pt x 472.76625pt>
File: D) IMAGES/ListerChamp.png Graphic file (type png)
<use D) IMAGES/ListerChamp.png>
Package pdftex.def Info: D) IMAGES/ListerChamp.png  used on input line 243.
(pdftex.def)             Requested size: 455.24408pt x 213.19731pt.
<D) IMAGES/BDlISTER.png, id=861, 1022.31938pt x 469.00218pt>
File: D) IMAGES/BDlISTER.png Graphic file (type png)
<use D) IMAGES/BDlISTER.png>
Package pdftex.def Info: D) IMAGES/BDlISTER.png  used on input line 250.
(pdftex.def)             Requested size: 455.24408pt x 208.84486pt.


LaTeX Warning: `!h' float specifier changed to `!ht'.

[37 <./D) IMAGES/Champs.png> <./D) IMAGES/ListerChamp.png>]
<D) IMAGES/Supprimer.png, id=866, 1022.31938pt x 472.01344pt>
File: D) IMAGES/Supprimer.png Graphic file (type png)
<use D) IMAGES/Supprimer.png>
Package pdftex.def Info: D) IMAGES/Supprimer.png  used on input line 258.
(pdftex.def)             Requested size: 455.24408pt x 210.18576pt.
 [38 <./D) IMAGES/BDlISTER.png> <./D) IMAGES/Supprimer.png>]
<D) IMAGES/Modifier.png, id=871, 1020.06094pt x 392.96812pt>
File: D) IMAGES/Modifier.png Graphic file (type png)
<use D) IMAGES/Modifier.png>
Package pdftex.def Info: D) IMAGES/Modifier.png  used on input line 265.
(pdftex.def)             Requested size: 455.24408pt x 175.37694pt.
) [39 <./D) IMAGES/Modifier.png>]
Chapitre 4.
(Chapitre4.tex

LaTeX Warning: `!h' float specifier changed to `!ht'.

[40

]
<D) IMAGES/globalformation.png, id=881, 631.35875pt x 462.72874pt>
File: D) IMAGES/globalformation.png Graphic file (type png)
<use D) IMAGES/globalformation.png>
Package pdftex.def Info: D) IMAGES/globalformation.png  used on input line 49.
(pdftex.def)             Requested size: 341.43306pt x 250.24402pt.
 [41 <./D) IMAGES/globalformation.png>]
<D) IMAGES/Gestform.png, id=887, 721.69624pt x 312.16624pt>
File: D) IMAGES/Gestform.png Graphic file (type png)
<use D) IMAGES/Gestform.png>
Package pdftex.def Info: D) IMAGES/Gestform.png  used on input line 58.
(pdftex.def)             Requested size: 432.48048pt x 187.06778pt.
<D) IMAGES/detail2.png, id=888, 545.03625pt x 412.54124pt>
File: D) IMAGES/detail2.png Graphic file (type png)
<use D) IMAGES/detail2.png>
Package pdftex.def Info: D) IMAGES/detail2.png  used on input line 66.
(pdftex.def)             Requested size: 341.43306pt x 258.42935pt.
 [42 <./D) IMAGES/Gestform.png> <./D) IMAGES/detail2.png>] [43] [44] [45]
<D) IMAGES/seqconfor.png, id=927, 793.96625pt x 668.4975pt>
File: D) IMAGES/seqconfor.png Graphic file (type png)
<use D) IMAGES/seqconfor.png>
Package pdftex.def Info: D) IMAGES/seqconfor.png  used on input line 200.
(pdftex.def)             Requested size: 455.24408pt x 383.31203pt.
 [46 <./D) IMAGES/seqconfor.png>]
<D) IMAGES/seqform2.png, id=933, 693.59125pt x 884.30376pt>
File: D) IMAGES/seqform2.png Graphic file (type png)
<use D) IMAGES/seqform2.png>
Package pdftex.def Info: D) IMAGES/seqform2.png  used on input line 214.
(pdftex.def)             Requested size: 432.48048pt x 551.40663pt.
 [47 <./D) IMAGES/seqform2.png>]
<D) IMAGES/seqforlist.png, id=939, 773.89125pt x 1125.20375pt>
File: D) IMAGES/seqforlist.png Graphic file (type png)
<use D) IMAGES/seqforlist.png>
Package pdftex.def Info: D) IMAGES/seqforlist.png  used on input line 222.
(pdftex.def)             Requested size: 341.43306pt x 496.43039pt.
 [48 <./D) IMAGES/seqforlist.png>]
<D) IMAGES/diagClassFor.png, id=945, 693.59125pt x 385.44pt>
File: D) IMAGES/diagClassFor.png Graphic file (type png)
<use D) IMAGES/diagClassFor.png>
Package pdftex.def Info: D) IMAGES/diagClassFor.png  used on input line 232.
(pdftex.def)             Requested size: 341.43306pt x 189.74356pt.
 [49 <./D) IMAGES/diagClassFor.png>]
<D) IMAGES/them.png, id=951, 1022.31938pt x 417.81094pt>
File: D) IMAGES/them.png Graphic file (type png)
<use D) IMAGES/them.png>
Package pdftex.def Info: D) IMAGES/them.png  used on input line 243.
(pdftex.def)             Requested size: 478.00766pt x 195.35112pt.
<D) IMAGES/them2.png, id=952, 1010.27437pt x 369.63094pt>
File: D) IMAGES/them2.png Graphic file (type png)
<use D) IMAGES/them2.png>
Package pdftex.def Info: D) IMAGES/them2.png  used on input line 244.
(pdftex.def)             Requested size: 478.00766pt x 174.88841pt.

Overfull \hbox (22.76358pt too wide) in paragraph at lines 243--245
 [][] 
 []


Overfull \hbox (22.76358pt too wide) in paragraph at lines 243--245
 [] 
 []


Underfull \hbox (badness 10000) in paragraph at lines 248--251

 []

[50 <./D) IMAGES/them.png> <./D) IMAGES/them2.png>]
<D) IMAGES/listevent.png, id=957, 1007.26312pt x 413.29407pt>
File: D) IMAGES/listevent.png Graphic file (type png)
<use D) IMAGES/listevent.png>
Package pdftex.def Info: D) IMAGES/listevent.png  used on input line 256.
(pdftex.def)             Requested size: 478.00766pt x 196.13382pt.

Overfull \hbox (22.76358pt too wide) in paragraph at lines 256--257
 [][] 
 []

<D) IMAGES/allprog.png, id=958, 1021.56656pt x 423.83344pt>
File: D) IMAGES/allprog.png Graphic file (type png)
<use D) IMAGES/allprog.png>
Package pdftex.def Info: D) IMAGES/allprog.png  used on input line 264.
(pdftex.def)             Requested size: 478.00766pt x 198.31573pt.

Overfull \hbox (22.76358pt too wide) in paragraph at lines 264--265
 [][] 
 []


Underfull \hbox (badness 10000) in paragraph at lines 252--268

 []

[51 <./D) IMAGES/listevent.png> <./D) IMAGES/allprog.png>]
<D) IMAGES/detfor.png, id=964, 1023.825pt x 411.03563pt>
File: D) IMAGES/detfor.png Graphic file (type png)
<use D) IMAGES/detfor.png>
Package pdftex.def Info: D) IMAGES/detfor.png  used on input line 272.
(pdftex.def)             Requested size: 478.00766pt x 191.9073pt.
<D) IMAGES/detfor2.png, id=965, 1022.31938pt x 471.26062pt>
File: D) IMAGES/detfor2.png Graphic file (type png)
<use D) IMAGES/detfor2.png>
Package pdftex.def Info: D) IMAGES/detfor2.png  used on input line 273.
(pdftex.def)             Requested size: 478.00766pt x 220.34198pt.
<D) IMAGES/detfor3.png, id=966, 998.22937pt x 146.79843pt>
File: D) IMAGES/detfor3.png Graphic file (type png)
<use D) IMAGES/detfor3.png>
Package pdftex.def Info: D) IMAGES/detfor3.png  used on input line 274.
(pdftex.def)             Requested size: 478.00766pt x 70.29443pt.

Overfull \hbox (22.76358pt too wide) in paragraph at lines 272--275
 [][] 
 []


Overfull \hbox (22.76358pt too wide) in paragraph at lines 272--275
 [] 
 []


Overfull \hbox (22.76358pt too wide) in paragraph at lines 272--275
 [] 
 []

[52 <./D) IMAGES/detfor.png> <./D) IMAGES/detfor2.png> <./D) IMAGES/detfor3.png
>]
<D) IMAGES/Gerer.png, id=971, 1023.07219pt x 391.4625pt>
File: D) IMAGES/Gerer.png Graphic file (type png)
<use D) IMAGES/Gerer.png>
Package pdftex.def Info: D) IMAGES/Gerer.png  used on input line 284.
(pdftex.def)             Requested size: 478.00766pt x 182.90027pt.

Overfull \hbox (22.76358pt too wide) in paragraph at lines 284--285
 [][] 
 []

) [53 <./D) IMAGES/Gerer.png>]
Chapitre 5.
(Chapitre5.tex [54

]
Overfull \vbox (14.50003pt too high) detected at line 48
 []

[55]
<D) IMAGES/digcha5.png, id=984, 631.35875pt x 462.72874pt>
File: D) IMAGES/digcha5.png Graphic file (type png)
<use D) IMAGES/digcha5.png>
Package pdftex.def Info: D) IMAGES/digcha5.png  used on input line 69.
(pdftex.def)             Requested size: 432.48048pt x 316.97433pt.
<D) IMAGES/detchap5.png, id=985, 626.34pt x 402.50375pt>
File: D) IMAGES/detchap5.png Graphic file (type png)
<use D) IMAGES/detchap5.png>
Package pdftex.def Info: D) IMAGES/detchap5.png  used on input line 78.
(pdftex.def)             Requested size: 432.48048pt x 277.93056pt.
 [56 <./D) IMAGES/digcha5.png> <./D) IMAGES/detchap5.png>] [57]
Underfull \hbox (badness 10000) in paragraph at lines 121--128

 []

[58]
Underfull \hbox (badness 10000) in paragraph at lines 168--181

 []

[59]
<D) IMAGES/diagseqchap5.png, id=1027, 764.8575pt x 1054.94125pt>
File: D) IMAGES/diagseqchap5.png Graphic file (type png)
<use D) IMAGES/diagseqchap5.png>
Package pdftex.def Info: D) IMAGES/diagseqchap5.png  used on input line 197.
(pdftex.def)             Requested size: 341.43306pt x 470.92027pt.
 [60 <./D) IMAGES/diagseqchap5.png>]
<D) IMAGES/diaginsc.png, id=1033, 753.81625pt x 728.7225pt>
File: D) IMAGES/diaginsc.png Graphic file (type png)
<use D) IMAGES/diaginsc.png>
Package pdftex.def Info: D) IMAGES/diaginsc.png  used on input line 206.
(pdftex.def)             Requested size: 455.24408pt x 440.08344pt.
 [61 <./D) IMAGES/diaginsc.png>]
<D) IMAGES/diagClasse.png, id=1039, 679.53876pt x 372.39125pt>
File: D) IMAGES/diagClasse.png Graphic file (type png)
<use D) IMAGES/diagClasse.png>
Package pdftex.def Info: D) IMAGES/diagClasse.png  used on input line 217.
(pdftex.def)             Requested size: 455.24408pt x 249.4781pt.

[62 <./D) IMAGES/diagClasse.png>]
<D) IMAGES/diagClasseGlobal.png, id=1045, 723.70375pt x 816.04875pt>
File: D) IMAGES/diagClasseGlobal.png Graphic file (type png)
<use D) IMAGES/diagClasseGlobal.png>
Package pdftex.def Info: D) IMAGES/diagClasseGlobal.png  used on input line 225
.
(pdftex.def)             Requested size: 455.24408pt x 513.34143pt.
 [63 <./D) IMAGES/diagClasseGlobal.png>]
<D) IMAGES/interfauth.png, id=1052, 1024.57782pt x 540.51938pt>
File: D) IMAGES/interfauth.png Graphic file (type png)
<use D) IMAGES/interfauth.png>
Package pdftex.def Info: D) IMAGES/interfauth.png  used on input line 236.
(pdftex.def)             Requested size: 432.48048pt x 228.15475pt.
<D) IMAGES/NoteForm.png, id=1053, 1016.29688pt x 539.01375pt>
File: D) IMAGES/NoteForm.png Graphic file (type png)
<use D) IMAGES/NoteForm.png>
Package pdftex.def Info: D) IMAGES/NoteForm.png  used on input line 246.
(pdftex.def)             Requested size: 432.48048pt x 229.36978pt.


LaTeX Warning: `!h' float specifier changed to `!ht'.

[64 <./D) IMAGES/interfauth.png>]
<D) IMAGES/detailform.png, id=1059, 1006.51031pt x 548.0475pt>
File: D) IMAGES/detailform.png Graphic file (type png)
<use D) IMAGES/detailform.png>
Package pdftex.def Info: D) IMAGES/detailform.png  used on input line 257.
(pdftex.def)             Requested size: 432.48048pt x 235.48857pt.
 [65 <./D) IMAGES/NoteForm.png (PNG copy)> <./D) IMAGES/detailform.png>]
<D) IMAGES/Form.png, id=1065, 992.20688pt x 409.53pt>
File: D) IMAGES/Form.png Graphic file (type png)
<use D) IMAGES/Form.png>
Package pdftex.def Info: D) IMAGES/Form.png  used on input line 270.
(pdftex.def)             Requested size: 455.24408pt x 187.89867pt.
<D) IMAGES/db.png, id=1066, 1018.55531pt x 410.2828pt>
File: D) IMAGES/db.png Graphic file (type png)
<use D) IMAGES/db.png>
Package pdftex.def Info: D) IMAGES/db.png  used on input line 277.
(pdftex.def)             Requested size: 455.24408pt x 183.37973pt.
 [66 <./D) IMAGES/Form.png> <./D) IMAGES/db.png>]
<D) IMAGES/GestionInscrit.png, id=1071, 1019.30812pt x 466.74374pt>
File: D) IMAGES/GestionInscrit.png Graphic file (type png)
<use D) IMAGES/GestionInscrit.png>
Package pdftex.def Info: D) IMAGES/GestionInscrit.png  used on input line 284.
(pdftex.def)             Requested size: 455.24408pt x 208.45879pt.
)
[67 <./D) IMAGES/GestionInscrit.png>] [68

]
Annexe A.
<D) IMAGES/map.png, id=1080, 2852.256pt x 1506.1068pt>
File: D) IMAGES/map.png Graphic file (type png)
<use D) IMAGES/map.png>
Package pdftex.def Info: D) IMAGES/map.png  used on input line 441.
(pdftex.def)             Requested size: 432.48048pt x 228.36526pt.
(rapport.bbl [69

 <./D) IMAGES/map.png>]
Underfull \hbox (badness 2644) in paragraph at lines 59--63
[]\T1/lmr/m/n/12 Vasantha Raju, N. and Ha-ri-na-rayana, N.
 []

)
No file rapport.gls.
No file rapport.acr.
No file rapport.ind.
[70

] (rapport.aux)

LaTeX Warning: There were multiply-defined labels.

Package rerunfilecheck Info: File `rapport.out' has not changed.
(rerunfilecheck)             Checksum: CC60D4CEE6DDD9863BD3537D717ECB57;15159.
 ) 
Here is how much of TeX's memory you used:
 30405 strings out of 478619
 569692 string characters out of 2843246
 946035 words of memory out of 3000000
 47573 multiletter control sequences out of 15000+600000
 555899 words of font info for 74 fonts, out of 8000000 for 9000
 1141 hyphenation exceptions out of 8191
 99i,13n,94p,7139b,565s stack positions out of 10000i,1000n,20000p,200000b,80000s
{C:/Users/chaou/AppData/Local/Programs/MiKTeX/fonts/enc/dvips/lm/lm-mathsy.en
c}{C:/Users/chaou/AppData/Local/Programs/MiKTeX/fonts/enc/dvips/lm/lm-mathit.en
c}{C:/Users/chaou/AppData/Local/Programs/MiKTeX/fonts/enc/dvips/lm/lm-rm.enc}{C
:/Users/chaou/AppData/Local/Programs/MiKTeX/fonts/enc/dvips/lm/lm-ec.enc}{C:/Us
ers/chaou/AppData/Local/Programs/MiKTeX/fonts/enc/dvips/lm/lm-ts1.enc}<C:/Users
/chaou/AppData/Local/Programs/MiKTeX/fonts/type1/public/lm/lmbx12.pfb><C:/Users
/chaou/AppData/Local/Programs/MiKTeX/fonts/type1/public/lm/lmbxi10.pfb><C:/User
s/chaou/AppData/Local/Programs/MiKTeX/fonts/type1/public/lm/lmcsc10.pfb><C:/Use
rs/chaou/AppData/Local/Programs/MiKTeX/fonts/type1/public/lm/lmmi12.pfb><C:/Use
rs/chaou/AppData/Local/Programs/MiKTeX/fonts/type1/public/lm/lmr10.pfb><C:/User
s/chaou/AppData/Local/Programs/MiKTeX/fonts/type1/public/lm/lmr12.pfb><C:/Users
/chaou/AppData/Local/Programs/MiKTeX/fonts/type1/public/lm/lmr17.pfb><C:/Users/
chaou/AppData/Local/Programs/MiKTeX/fonts/type1/public/lm/lmr8.pfb><C:/Users/ch
aou/AppData/Local/Programs/MiKTeX/fonts/type1/public/lm/lmr9.pfb><C:/Users/chao
u/AppData/Local/Programs/MiKTeX/fonts/type1/public/lm/lmri12.pfb><C:/Users/chao
u/AppData/Local/Programs/MiKTeX/fonts/type1/public/lm/lmsy10.pfb><C:/Users/chao
u/AppData/Local/Programs/MiKTeX/fonts/type1/public/lm/lmtt10.pfb><C:/Users/chao
u/AppData/Local/Programs/MiKTeX/fonts/type1/public/lm/lmtt12.pfb>
Output written on rapport.pdf (80 pages, 6088946 bytes).
PDF statistics:
 1226 PDF objects out of 1440 (max. 8388607)
 308 named destinations out of 1000 (max. 500000)
 970 words of extra memory for PDF output out of 10000 (max. 10000000)

